  custom.cpp
  imgui.cpp
  imgui_demo.cpp
  imgui_draw.cpp
  imgui_impl_dx11.cpp
C:\Microsoft-DirectX-SDK-June-2010--master\Include\dxgitype.h(12,9): warning C4005: 'DXGI_STATUS_OCCLUDED' : redéfinition de macro
C:\Microsoft-DirectX-SDK-June-2010--master\Include\dxgitype.h(13,9): warning C4005: 'DXGI_STATUS_CLIPPED' : redéfinition de macro
C:\Microsoft-DirectX-SDK-June-2010--master\Include\dxgitype.h(14,9): warning C4005: 'DXGI_STATUS_NO_REDIRECTION' : redéfinition de macro
C:\Microsoft-DirectX-SDK-June-2010--master\Include\dxgitype.h(15,9): warning C4005: 'DXGI_STATUS_NO_DESKTOP_ACCESS' : redéfinition de macro
C:\Microsoft-DirectX-SDK-June-2010--master\Include\dxgitype.h(16,9): warning C4005: 'DXGI_STATUS_GRAPHICS_VIDPN_SOURCE_IN_USE' : redéfinition de macro
C:\Microsoft-DirectX-SDK-June-2010--master\Include\dxgitype.h(17,9): warning C4005: 'DXGI_STATUS_MODE_CHANGED' : redéfinition de macro
C:\Microsoft-DirectX-SDK-June-2010--master\Include\dxgitype.h(18,9): warning C4005: 'DXGI_STATUS_MODE_CHANGE_IN_PROGRESS' : redéfinition de macro
C:\Microsoft-DirectX-SDK-June-2010--master\Include\dxgitype.h(21,9): warning C4005: 'DXGI_ERROR_INVALID_CALL' : redéfinition de macro
C:\Microsoft-DirectX-SDK-June-2010--master\Include\dxgitype.h(22,9): warning C4005: 'DXGI_ERROR_NOT_FOUND' : redéfinition de macro
C:\Microsoft-DirectX-SDK-June-2010--master\Include\dxgitype.h(23,9): warning C4005: 'DXGI_ERROR_MORE_DATA' : redéfinition de macro
C:\Microsoft-DirectX-SDK-June-2010--master\Include\dxgitype.h(24,9): warning C4005: 'DXGI_ERROR_UNSUPPORTED' : redéfinition de macro
C:\Microsoft-DirectX-SDK-June-2010--master\Include\dxgitype.h(25,9): warning C4005: 'DXGI_ERROR_DEVICE_REMOVED' : redéfinition de macro
C:\Microsoft-DirectX-SDK-June-2010--master\Include\dxgitype.h(26,9): warning C4005: 'DXGI_ERROR_DEVICE_HUNG' : redéfinition de macro
C:\Microsoft-DirectX-SDK-June-2010--master\Include\dxgitype.h(27,9): warning C4005: 'DXGI_ERROR_DEVICE_RESET' : redéfinition de macro
C:\Microsoft-DirectX-SDK-June-2010--master\Include\dxgitype.h(28,9): warning C4005: 'DXGI_ERROR_WAS_STILL_DRAWING' : redéfinition de macro
C:\Microsoft-DirectX-SDK-June-2010--master\Include\dxgitype.h(29,9): warning C4005: 'DXGI_ERROR_FRAME_STATISTICS_DISJOINT' : redéfinition de macro
C:\Microsoft-DirectX-SDK-June-2010--master\Include\dxgitype.h(30,9): warning C4005: 'DXGI_ERROR_GRAPHICS_VIDPN_SOURCE_IN_USE' : redéfinition de macro
C:\Microsoft-DirectX-SDK-June-2010--master\Include\dxgitype.h(31,9): warning C4005: 'DXGI_ERROR_DRIVER_INTERNAL_ERROR' : redéfinition de macro
C:\Microsoft-DirectX-SDK-June-2010--master\Include\dxgitype.h(32,9): warning C4005: 'DXGI_ERROR_NONEXCLUSIVE' : redéfinition de macro
C:\Microsoft-DirectX-SDK-June-2010--master\Include\dxgitype.h(33,9): warning C4005: 'DXGI_ERROR_NOT_CURRENTLY_AVAILABLE' : redéfinition de macro
C:\Microsoft-DirectX-SDK-June-2010--master\Include\dxgitype.h(34,9): warning C4005: 'DXGI_ERROR_REMOTE_CLIENT_DISCONNECTED' : redéfinition de macro
C:\Microsoft-DirectX-SDK-June-2010--master\Include\dxgitype.h(35,9): warning C4005: 'DXGI_ERROR_REMOTE_OUTOFMEMORY' : redéfinition de macro
C:\Microsoft-DirectX-SDK-June-2010--master\Include\d3d11.h(917,9): warning C4005: 'D3D11_ERROR_TOO_MANY_UNIQUE_STATE_OBJECTS' : redéfinition de macro
C:\Microsoft-DirectX-SDK-June-2010--master\Include\d3d11.h(918,9): warning C4005: 'D3D11_ERROR_FILE_NOT_FOUND' : redéfinition de macro
C:\Microsoft-DirectX-SDK-June-2010--master\Include\d3d11.h(919,9): warning C4005: 'D3D11_ERROR_TOO_MANY_UNIQUE_VIEW_OBJECTS' : redéfinition de macro
C:\Microsoft-DirectX-SDK-June-2010--master\Include\d3d11.h(920,9): warning C4005: 'D3D11_ERROR_DEFERRED_CONTEXT_MAP_WITHOUT_INITIAL_DISCARD' : redéfinition de macro
C:\Microsoft-DirectX-SDK-June-2010--master\Include\d3d10.h(608,9): warning C4005: 'D3D10_ERROR_TOO_MANY_UNIQUE_STATE_OBJECTS' : redéfinition de macro
C:\Microsoft-DirectX-SDK-June-2010--master\Include\d3d10.h(609,9): warning C4005: 'D3D10_ERROR_FILE_NOT_FOUND' : redéfinition de macro
  imgui_impl_win32.cpp
  imgui_tables.cpp
  imgui_widgets.cpp
C:\Users\monstercheat\Desktop\ImGui-Cheat-Menu-master\imgui\imgui_widgets.cpp(5881,153): warning C4244: 'argument' : conversion de 'float' en 'int', perte possible de données
  main.cpp
C:\Users\monstercheat\Desktop\ImGui-Cheat-Menu-master\main.cpp(6,32): warning C4081: attendu ')' ; rencontré ','
C:\Users\monstercheat\Desktop\ImGui-Cheat-Menu-master\main.cpp(89,60): warning C4244: '=' : conversion de 'int' en 'float', perte possible de données
C:\Users\monstercheat\Desktop\ImGui-Cheat-Menu-master\main.cpp(91,34): warning C4244: '=' : conversion de 'int' en 'float', perte possible de données
C:\Users\monstercheat\Desktop\ImGui-Cheat-Menu-master\main.cpp(92,40): warning C4244: '=' : conversion de 'int' en 'float', perte possible de données
C:\Users\monstercheat\Desktop\ImGui-Cheat-Menu-master\main.cpp(94,46): warning C4244: '=' : conversion de 'int' en 'float', perte possible de données
  Génération de code en cours
  Previous IPDB not found, fall back to full compilation.
  All 2513 functions were compiled because no usable IPDB/IOBJ from previous compilation was found.
  Fin de la génération du code
  imgui dx11 3.vcxproj -> C:\Users\monstercheat\Desktop\ImGui-Cheat-Menu-master\x64\Release\imgui dx11 3.exe
